<?xml version="1.0" encoding="UTF-8"?>
<testng-results ignored="0" total="1" passed="1" failed="0" skipped="0">
  <reporter-output>
  </reporter-output>
  <suite started-at="2023-12-24T16:16:53 IST" name="Default suite" finished-at="2023-12-24T16:17:10 IST" duration-ms="17280">
    <groups>
    </groups>
    <test started-at="2023-12-24T16:16:53 IST" name="Default test" finished-at="2023-12-24T16:17:10 IST" duration-ms="17280">
      <class name="com.flipkart.test.TC_01_Test">
        <test-method is-config="true" signature="openBrowser()[pri:0, instance:com.flipkart.test.TC_01_Test@45099dd3]" started-at="2023-12-24T16:16:53 IST" name="openBrowser" finished-at="2023-12-24T16:17:02 IST" duration-ms="8870" status="PASS">
          <reporter-output>
          </reporter-output>
        </test-method> <!-- openBrowser -->
        <test-method signature="fetchPriceOfMensKurta()[pri:0, instance:com.flipkart.test.TC_01_Test@45099dd3]" started-at="2023-12-24T16:17:02 IST" name="fetchPriceOfMensKurta" finished-at="2023-12-24T16:17:10 IST" duration-ms="8353" status="PASS">
          <reporter-output>
          </reporter-output>
        </test-method> <!-- fetchPriceOfMensKurta -->
        <test-method is-config="true" signature="closeBrowser()[pri:0, instance:com.flipkart.test.TC_01_Test@45099dd3]" started-at="2023-12-24T16:17:10 IST" name="closeBrowser" finished-at="2023-12-24T16:17:10 IST" duration-ms="1" status="PASS">
          <reporter-output>
          </reporter-output>
        </test-method> <!-- closeBrowser -->
      </class> <!-- com.flipkart.test.TC_01_Test -->
    </test> <!-- Default test -->
  </suite> <!-- Default suite -->
</testng-results>
